{
  "RSpec": {
    "coverage": {
      "/Users/isouza/Documents/Desenvolvimento/Rails/analise/spec/controllers/eventos_controller_spec.rb": [
        1,
        null,
        null,
        null,
        null,
        null,
        null,
        null,
        null,
        null,
        null,
        null,
        null,
        null,
        null,
        null,
        null,
        null,
        null,
        null,
        1,
        null,
        null,
        null,
        null,
        1,
        13,
        null,
        null,
        1,
        4,
        null,
        null,
        null,
        null,
        null,
        16,
        null,
        1,
        1,
        1,
        1,
        1,
        null,
        null,
        null,
        1,
        1,
        1,
        1,
        1,
        null,
        null,
        null,
        1,
        1,
        1,
        1,
        null,
        null,
        null,
        1,
        1,
        1,
        1,
        1,
        null,
        null,
        null,
        1,
        1,
        1,
        1,
        1,
        null,
        null,
        null,
        1,
        1,
        1,
        1,
        null,
        null,
        1,
        1,
        1,
        null,
        null,
        null,
        1,
        1,
        1,
        1,
        null,
        null,
        1,
        1,
        1,
        null,
        null,
        null,
        null,
        1,
        1,
        1,
        1,
        null,
        null,
        1,
        1,
        1,
        0,
        0,
        null,
        null,
        1,
        1,
        1,
        1,
        null,
        null,
        1,
        1,
        1,
        1,
        null,
        null,
        null,
        1,
        1,
        1,
        1,
        1,
        null,
        null,
        1,
        1,
        1,
        1,
        null,
        null,
        null,
        null,
        1,
        1,
        1,
        1,
        1,
        null,
        null,
        null,
        1,
        1,
        1,
        1,
        null,
        null,
        null,
        null
      ],
      "/Users/isouza/Documents/Desenvolvimento/Rails/analise/spec/rails_helper.rb": [
        null,
        1,
        1,
        1,
        1,
        null,
        null,
        null,
        null,
        null,
        null,
        null,
        null,
        null,
        null,
        null,
        null,
        null,
        null,
        null,
        null,
        null,
        null,
        null,
        1,
        null,
        1,
        null,
        1,
        null,
        null,
        null,
        null,
        1,
        null,
        null,
        null,
        null,
        null,
        null,
        null,
        null,
        null,
        null,
        null,
        null,
        null,
        null,
        1,
        null
      ],
      "/Users/isouza/Documents/Desenvolvimento/Rails/analise/config/environment.rb": [
        null,
        1,
        null,
        null,
        1
      ],
      "/Users/isouza/Documents/Desenvolvimento/Rails/analise/config/application.rb": [
        1,
        null,
        1,
        null,
        null,
        null,
        1,
        null,
        1,
        1,
        null,
        null,
        null,
        null,
        null,
        null,
        null,
        null,
        null,
        null,
        null,
        null,
        null,
        1,
        null,
        null
      ],
      "/Users/isouza/Documents/Desenvolvimento/Rails/analise/config/boot.rb": [
        1,
        null,
        1
      ],
      "/Users/isouza/Documents/Desenvolvimento/Rails/analise/config/environments/test.rb": [
        1,
        null,
        null,
        null,
        null,
        null,
        null,
        1,
        null,
        null,
        null,
        null,
        1,
        null,
        null,
        1,
        1,
        null,
        null,
        1,
        1,
        null,
        null,
        1,
        null,
        null,
        1,
        null,
        null,
        null,
        null,
        1,
        null,
        null,
        1,
        null,
        null,
        1,
        null,
        null,
        null,
        null
      ],
      "/Users/isouza/Documents/Desenvolvimento/Rails/analise/config/initializers/assets.rb": [
        null,
        null,
        null,
        1,
        null,
        null,
        null,
        null,
        null,
        null,
        null
      ],
      "/Users/isouza/Documents/Desenvolvimento/Rails/analise/config/initializers/backtrace_silencers.rb": [
        null,
        null,
        null,
        null,
        null,
        null,
        null
      ],
      "/Users/isouza/Documents/Desenvolvimento/Rails/analise/config/initializers/cookies_serializer.rb": [
        null,
        null,
        1
      ],
      "/Users/isouza/Documents/Desenvolvimento/Rails/analise/config/initializers/filter_parameter_logging.rb": [
        null,
        null,
        null,
        1
      ],
      "/Users/isouza/Documents/Desenvolvimento/Rails/analise/config/initializers/inflections.rb": [
        null,
        null,
        null,
        null,
        null,
        null,
        null,
        null,
        null,
        null,
        null,
        null,
        null,
        null,
        null,
        null
      ],
      "/Users/isouza/Documents/Desenvolvimento/Rails/analise/config/initializers/mime_types.rb": [
        null,
        null,
        null,
        null
      ],
      "/Users/isouza/Documents/Desenvolvimento/Rails/analise/config/initializers/session_store.rb": [
        null,
        null,
        1
      ],
      "/Users/isouza/Documents/Desenvolvimento/Rails/analise/config/initializers/wrap_parameters.rb": [
        null,
        null,
        null,
        null,
        null,
        null,
        1,
        1,
        null,
        null,
        null,
        null,
        null,
        null
      ],
      "/Users/isouza/Documents/Desenvolvimento/Rails/analise/spec/factories/eventos.rb": [
        1,
        1,
        1,
        1,
        null,
        null,
        null
      ],
      "/Users/isouza/Documents/Desenvolvimento/Rails/analise/spec/factories/medidas.rb": [
        1,
        1,
        1,
        1,
        null,
        null,
        null
      ],
      "/Users/isouza/Documents/Desenvolvimento/Rails/analise/config/routes.rb": [
        1,
        1,
        1,
        null,
        null,
        null,
        null,
        null,
        null,
        null,
        null,
        null,
        null,
        null,
        null,
        null,
        null,
        null,
        null,
        null,
        null,
        null,
        null,
        null,
        null,
        null,
        null,
        null,
        null,
        null,
        null,
        null,
        null,
        null,
        null,
        null,
        null,
        null,
        null,
        null,
        null,
        null,
        null,
        null,
        null,
        null,
        null,
        null,
        null,
        null,
        null,
        null,
        null,
        null,
        null,
        null,
        null,
        null,
        null
      ],
      "/Users/isouza/Documents/Desenvolvimento/Rails/analise/app/helpers/application_helper.rb": [
        1,
        null
      ],
      "/Users/isouza/Documents/Desenvolvimento/Rails/analise/app/helpers/eventos_helper.rb": [
        1,
        null
      ],
      "/Users/isouza/Documents/Desenvolvimento/Rails/analise/app/controllers/eventos_controller.rb": [
        1,
        1,
        null,
        null,
        null,
        1,
        2,
        null,
        null,
        null,
        null,
        1,
        1,
        1,
        1,
        1,
        null,
        1,
        null,
        null,
        null,
        null,
        1,
        1,
        null,
        null,
        null,
        1,
        null,
        null,
        1,
        0,
        0,
        0,
        0,
        0,
        null,
        0,
        null,
        null,
        null,
        null,
        1,
        5,
        null,
        5,
        5,
        10,
        5,
        null,
        0,
        0,
        null,
        null,
        null,
        null,
        null,
        null,
        1,
        4,
        4,
        8,
        4,
        null,
        0,
        0,
        null,
        null,
        null,
        null,
        null,
        null,
        1,
        2,
        2,
        4,
        2,
        null,
        null,
        null,
        1,
        null,
        1,
        8,
        null,
        null,
        null,
        1,
        9,
        null,
        null
      ],
      "/Users/isouza/Documents/Desenvolvimento/Rails/analise/app/controllers/application_controller.rb": [
        1,
        null,
        null,
        1,
        null
      ],
      "/Users/isouza/Documents/Desenvolvimento/Rails/analise/spec/helpers/eventos_helper_spec.rb": [
        1,
        null,
        null,
        null,
        null,
        null,
        null,
        null,
        null,
        null,
        null,
        null,
        1,
        1,
        null
      ],
      "/Users/isouza/Documents/Desenvolvimento/Rails/analise/spec/models/evento_spec.rb": [
        1,
        null,
        1,
        1,
        null
      ],
      "/Users/isouza/Documents/Desenvolvimento/Rails/analise/app/models/evento.rb": [
        1,
        null
      ],
      "/Users/isouza/Documents/Desenvolvimento/Rails/analise/spec/models/medida_spec.rb": [
        1,
        null,
        1,
        1,
        null
      ],
      "/Users/isouza/Documents/Desenvolvimento/Rails/analise/app/models/medida.rb": [
        1,
        null,
        1,
        1,
        null,
        1,
        0,
        0,
        0,
        0,
        null,
        null,
        null,
        null,
        1,
        null,
        1,
        0,
        0,
        0,
        0,
        null,
        null,
        null,
        1,
        0,
        0,
        null,
        null,
        1,
        0,
        0,
        0,
        0,
        null,
        null,
        1,
        0,
        null,
        null,
        1,
        0,
        null,
        null
      ],
      "/Users/isouza/Documents/Desenvolvimento/Rails/analise/spec/requests/eventos_spec.rb": [
        1,
        null,
        1,
        1,
        1,
        1,
        1,
        null,
        null,
        null
      ],
      "/Users/isouza/Documents/Desenvolvimento/Rails/analise/spec/routing/eventos_routing_spec.rb": [
        1,
        null,
        1,
        1,
        null,
        1,
        1,
        null,
        null,
        1,
        1,
        null,
        null,
        1,
        1,
        null,
        null,
        1,
        1,
        null,
        null,
        1,
        1,
        null,
        null,
        1,
        1,
        null,
        null,
        1,
        1,
        null,
        null,
        null,
        null
      ],
      "/Users/isouza/Documents/Desenvolvimento/Rails/analise/spec/views/eventos/edit.html.erb_spec.rb": [
        1,
        null,
        1,
        1,
        1,
        null,
        null,
        null,
        null,
        null,
        1,
        1,
        null,
        1,
        null,
        1,
        null,
        1,
        null,
        null,
        null
      ],
      "/Users/isouza/Documents/Desenvolvimento/Rails/analise/spec/views/eventos/index.html.erb_spec.rb": [
        1,
        null,
        1,
        1,
        1,
        null,
        null,
        null,
        null,
        null,
        null,
        null,
        null,
        null,
        null,
        null,
        1,
        1,
        1,
        1,
        null,
        null
      ],
      "/Users/isouza/Documents/Desenvolvimento/Rails/analise/spec/views/eventos/new.html.erb_spec.rb": [
        1,
        null,
        1,
        1,
        1,
        null,
        null,
        null,
        null,
        null,
        1,
        1,
        null,
        1,
        null,
        1,
        null,
        1,
        null,
        null,
        null
      ],
      "/Users/isouza/Documents/Desenvolvimento/Rails/analise/spec/views/eventos/show.html.erb_spec.rb": [
        1,
        null,
        1,
        1,
        0,
        null,
        null,
        null,
        null,
        null,
        null
      ]
    },
    "timestamp": 1433498251
  }
}
